<?xml version="1.0" encoding="UTF-8"?>
<!-- Generated by org.testng.reporters.JUnitReportReporter -->
<testsuite hostname="Tigeruuu" failures="0" tests="2" name="com.ui.LoginValidationTest" time="9.620" errors="0" timestamp="2025-06-13T18:24:49 IST" skipped="0">
  <testcase classname="com.ui.LoginValidationTest" name="validLoginTest" time="4.795"/>
  <testcase classname="com.ui.LoginValidationTest" name="inValidLoginTest" time="4.825"/>
</testsuite> <!-- com.ui.LoginValidationTest -->
