<?xml version="1.0" encoding="UTF-8"?>
<!-- Generated by org.testng.reporters.JUnitReportReporter -->
<testsuite hostname="Tigeruuu" failures="0" tests="1" name="com.ui.ElementsTest" time="3.170" errors="0" timestamp="2025-06-05T12:36:27 IST" skipped="0">
  <testcase classname="com.ui.ElementsTest" name="uploadAndDownload" time="3.170"/>
</testsuite> <!-- com.ui.ElementsTest -->
