<?xml version="1.0" encoding="UTF-8"?>
<!-- Generated by org.testng.reporters.JUnitReportReporter -->
<testsuite hostname="Tigeruuu" failures="0" tests="7" name="com.ui.ElementsTest" time="71.537" errors="0" timestamp="2025-06-13T18:24:49 IST" skipped="0">
  <testcase classname="com.ui.ElementsTest" name="links" time="7.250"/>
  <testcase classname="com.ui.ElementsTest" name="radioButtons" time="35.275"/>
  <testcase classname="com.ui.ElementsTest" name="buttons" time="7.237"/>
  <testcase classname="com.ui.ElementsTest" name="uploadAndDownload" time="4.898"/>
  <testcase classname="com.ui.ElementsTest" name="texBox" time="6.923"/>
  <testcase classname="com.ui.ElementsTest" name="brokenLinks" time="4.999"/>
  <testcase classname="com.ui.ElementsTest" name="checkBox" time="4.955"/>
</testsuite> <!-- com.ui.ElementsTest -->
