<?xml version="1.0" encoding="UTF-8"?>
<!-- Generated by org.testng.reporters.JUnitReportReporter -->
<testsuite hostname="Tigeruuu" failures="0" tests="4" name="com.ui.AlertsFramesAndWindowsTest" time="33.780" errors="0" timestamp="2025-06-13T18:24:49 IST" skipped="0">
  <testcase classname="com.ui.AlertsFramesAndWindowsTest" name="alertsTest" time="10.227"/>
  <testcase classname="com.ui.AlertsFramesAndWindowsTest" name="framesTest" time="7.622"/>
  <testcase classname="com.ui.AlertsFramesAndWindowsTest" name="browserWindowsTest" time="7.650"/>
  <testcase classname="com.ui.AlertsFramesAndWindowsTest" name="modalAlertsTest" time="8.281"/>
</testsuite> <!-- com.ui.AlertsFramesAndWindowsTest -->
